<?xml version="1.0" encoding="UTF-8"?>
<testng-results ignored="0" total="1" passed="1" failed="0" skipped="0">
  <reporter-output>
  </reporter-output>
  <suite started-at="2024-02-13T22:45:09 TRT" name="Default suite" finished-at="2024-02-13T22:45:25 TRT" duration-ms="16363">
    <groups>
    </groups>
    <test started-at="2024-02-13T22:45:09 TRT" name="Default test" finished-at="2024-02-13T22:45:25 TRT" duration-ms="16363">
      <class name="alertspractice.AlertWithInput">
        <test-method is-config="true" signature="setup()[pri:0, instance:alertspractice.AlertWithInput@1b1426f4]" started-at="2024-02-13T22:45:09 TRT" name="setup" finished-at="2024-02-13T22:45:20 TRT" duration-ms="11316" status="PASS">
          <reporter-output>
          </reporter-output>
        </test-method> <!-- setup -->
        <test-method signature="test()[pri:0, instance:alertspractice.AlertWithInput@1b1426f4]" started-at="2024-02-13T22:45:20 TRT" name="test" finished-at="2024-02-13T22:45:22 TRT" duration-ms="1894" status="PASS">
          <reporter-output>
          </reporter-output>
        </test-method> <!-- test -->
        <test-method is-config="true" signature="cleanup()[pri:0, instance:alertspractice.AlertWithInput@1b1426f4]" started-at="2024-02-13T22:45:22 TRT" name="cleanup" finished-at="2024-02-13T22:45:25 TRT" duration-ms="3119" status="PASS">
          <reporter-output>
          </reporter-output>
        </test-method> <!-- cleanup -->
      </class> <!-- alertspractice.AlertWithInput -->
    </test> <!-- Default test -->
  </suite> <!-- Default suite -->
</testng-results>
